Analysis & Synthesis report for Projeto_2
Tue Aug 03 22:28:40 2021
Quartus Prime Version 20.1.1 Build 720 11/11/2020 SJ Lite Edition


---------------------
; Table of Contents ;
---------------------
  1. Legal Notice
  2. Analysis & Synthesis Summary
  3. Analysis & Synthesis Settings
  4. Parallel Compilation
  5. Analysis & Synthesis Source Files Read
  6. Analysis & Synthesis Resource Usage Summary
  7. Analysis & Synthesis Resource Utilization by Entity
  8. Registers Removed During Synthesis
  9. General Register Statistics
 10. Post-Synthesis Netlist Statistics for Top Partition
 11. Elapsed Time Per Partition
 12. Analysis & Synthesis Messages



----------------
; Legal Notice ;
----------------
Copyright (C) 2020  Intel Corporation. All rights reserved.
Your use of Intel Corporation's design tools, logic functions 
and other software and tools, and any partner logic 
functions, and any output files from any of the foregoing 
(including device programming or simulation files), and any 
associated documentation or information are expressly subject 
to the terms and conditions of the Intel Program License 
Subscription Agreement, the Intel Quartus Prime License Agreement,
the Intel FPGA IP License Agreement, or other applicable license
agreement, including, without limitation, that your use is for
the sole purpose of programming logic devices manufactured by
Intel and sold by Intel or its authorized distributors.  Please
refer to the applicable agreement for further details, at
https://fpgasoftware.intel.com/eula.



+----------------------------------------------------------------------------------+
; Analysis & Synthesis Summary                                                     ;
+------------------------------------+---------------------------------------------+
; Analysis & Synthesis Status        ; Successful - Tue Aug 03 22:28:40 2021       ;
; Quartus Prime Version              ; 20.1.1 Build 720 11/11/2020 SJ Lite Edition ;
; Revision Name                      ; Projeto_2                                   ;
; Top-level Entity Name              ; Projeto_2_Blocks                            ;
; Family                             ; Cyclone IV E                                ;
; Total logic elements               ; 419                                         ;
;     Total combinational functions  ; 411                                         ;
;     Dedicated logic registers      ; 224                                         ;
; Total registers                    ; 224                                         ;
; Total pins                         ; 21                                          ;
; Total virtual pins                 ; 0                                           ;
; Total memory bits                  ; 0                                           ;
; Embedded Multiplier 9-bit elements ; 0                                           ;
; Total PLLs                         ; 0                                           ;
+------------------------------------+---------------------------------------------+


+------------------------------------------------------------------------------------------------------------+
; Analysis & Synthesis Settings                                                                              ;
+------------------------------------------------------------------+--------------------+--------------------+
; Option                                                           ; Setting            ; Default Value      ;
+------------------------------------------------------------------+--------------------+--------------------+
; Device                                                           ; EP4CE6E22C8        ;                    ;
; Top-level entity name                                            ; Projeto_2_Blocks   ; Projeto_2          ;
; Family name                                                      ; Cyclone IV E       ; Cyclone V          ;
; Use smart compilation                                            ; Off                ; Off                ;
; Enable parallel Assembler and Timing Analyzer during compilation ; On                 ; On                 ;
; Enable compact report table                                      ; Off                ; Off                ;
; Restructure Multiplexers                                         ; Auto               ; Auto               ;
; Create Debugging Nodes for IP Cores                              ; Off                ; Off                ;
; Preserve fewer node names                                        ; On                 ; On                 ;
; Intel FPGA IP Evaluation Mode                                    ; Enable             ; Enable             ;
; Verilog Version                                                  ; Verilog_2001       ; Verilog_2001       ;
; VHDL Version                                                     ; VHDL_1993          ; VHDL_1993          ;
; State Machine Processing                                         ; Auto               ; Auto               ;
; Safe State Machine                                               ; Off                ; Off                ;
; Extract Verilog State Machines                                   ; On                 ; On                 ;
; Extract VHDL State Machines                                      ; On                 ; On                 ;
; Ignore Verilog initial constructs                                ; Off                ; Off                ;
; Iteration limit for constant Verilog loops                       ; 5000               ; 5000               ;
; Iteration limit for non-constant Verilog loops                   ; 250                ; 250                ;
; Add Pass-Through Logic to Inferred RAMs                          ; On                 ; On                 ;
; Infer RAMs from Raw Logic                                        ; On                 ; On                 ;
; Parallel Synthesis                                               ; On                 ; On                 ;
; DSP Block Balancing                                              ; Auto               ; Auto               ;
; NOT Gate Push-Back                                               ; On                 ; On                 ;
; Power-Up Don't Care                                              ; On                 ; On                 ;
; Remove Redundant Logic Cells                                     ; Off                ; Off                ;
; Remove Duplicate Registers                                       ; On                 ; On                 ;
; Ignore CARRY Buffers                                             ; Off                ; Off                ;
; Ignore CASCADE Buffers                                           ; Off                ; Off                ;
; Ignore GLOBAL Buffers                                            ; Off                ; Off                ;
; Ignore ROW GLOBAL Buffers                                        ; Off                ; Off                ;
; Ignore LCELL Buffers                                             ; Off                ; Off                ;
; Ignore SOFT Buffers                                              ; On                 ; On                 ;
; Limit AHDL Integers to 32 Bits                                   ; Off                ; Off                ;
; Optimization Technique                                           ; Balanced           ; Balanced           ;
; Carry Chain Length                                               ; 70                 ; 70                 ;
; Auto Carry Chains                                                ; On                 ; On                 ;
; Auto Open-Drain Pins                                             ; On                 ; On                 ;
; Perform WYSIWYG Primitive Resynthesis                            ; Off                ; Off                ;
; Auto ROM Replacement                                             ; On                 ; On                 ;
; Auto RAM Replacement                                             ; On                 ; On                 ;
; Auto DSP Block Replacement                                       ; On                 ; On                 ;
; Auto Shift Register Replacement                                  ; Auto               ; Auto               ;
; Allow Shift Register Merging across Hierarchies                  ; Auto               ; Auto               ;
; Auto Clock Enable Replacement                                    ; On                 ; On                 ;
; Strict RAM Replacement                                           ; Off                ; Off                ;
; Allow Synchronous Control Signals                                ; On                 ; On                 ;
; Force Use of Synchronous Clear Signals                           ; Off                ; Off                ;
; Auto RAM Block Balancing                                         ; On                 ; On                 ;
; Auto RAM to Logic Cell Conversion                                ; Off                ; Off                ;
; Auto Resource Sharing                                            ; Off                ; Off                ;
; Allow Any RAM Size For Recognition                               ; Off                ; Off                ;
; Allow Any ROM Size For Recognition                               ; Off                ; Off                ;
; Allow Any Shift Register Size For Recognition                    ; Off                ; Off                ;
; Use LogicLock Constraints during Resource Balancing              ; On                 ; On                 ;
; Ignore translate_off and synthesis_off directives                ; Off                ; Off                ;
; Timing-Driven Synthesis                                          ; On                 ; On                 ;
; Report Parameter Settings                                        ; On                 ; On                 ;
; Report Source Assignments                                        ; On                 ; On                 ;
; Report Connectivity Checks                                       ; On                 ; On                 ;
; Ignore Maximum Fan-Out Assignments                               ; Off                ; Off                ;
; Synchronization Register Chain Length                            ; 2                  ; 2                  ;
; Power Optimization During Synthesis                              ; Normal compilation ; Normal compilation ;
; HDL message level                                                ; Level2             ; Level2             ;
; Suppress Register Optimization Related Messages                  ; Off                ; Off                ;
; Number of Removed Registers Reported in Synthesis Report         ; 5000               ; 5000               ;
; Number of Swept Nodes Reported in Synthesis Report               ; 5000               ; 5000               ;
; Number of Inverted Registers Reported in Synthesis Report        ; 100                ; 100                ;
; Clock MUX Protection                                             ; On                 ; On                 ;
; Auto Gated Clock Conversion                                      ; Off                ; Off                ;
; Block Design Naming                                              ; Auto               ; Auto               ;
; SDC constraint protection                                        ; Off                ; Off                ;
; Synthesis Effort                                                 ; Auto               ; Auto               ;
; Shift Register Replacement - Allow Asynchronous Clear Signal     ; On                 ; On                 ;
; Pre-Mapping Resynthesis Optimization                             ; Off                ; Off                ;
; Analysis & Synthesis Message Level                               ; Medium             ; Medium             ;
; Disable Register Merging Across Hierarchies                      ; Auto               ; Auto               ;
; Resource Aware Inference For Block RAM                           ; On                 ; On                 ;
+------------------------------------------------------------------+--------------------+--------------------+


+------------------------------------------+
; Parallel Compilation                     ;
+----------------------------+-------------+
; Processors                 ; Number      ;
+----------------------------+-------------+
; Number detected on machine ; 4           ;
; Maximum allowed            ; 2           ;
;                            ;             ;
; Average used               ; 1.00        ;
; Maximum used               ; 2           ;
;                            ;             ;
; Usage by Processor         ; % Time Used ;
;     Processor 1            ; 100.0%      ;
;     Processor 2            ;   0.0%      ;
+----------------------------+-------------+


+-------------------------------------------------------------------------------------------------------------------------------------------------------------------------------+
; Analysis & Synthesis Source Files Read                                                                                                                                        ;
+----------------------------------+-----------------+------------------------------------+---------------------------------------------------------------------------+---------+
; File Name with User-Entered Path ; Used in Netlist ; File Type                          ; File Name with Absolute Path                                              ; Library ;
+----------------------------------+-----------------+------------------------------------+---------------------------------------------------------------------------+---------+
; redutor_de_clock.tdf             ; yes             ; User AHDL File                     ; C:/Pasta Pessoal/Periodo 20.2/Eln Digital/Projeto2/redutor_de_clock.tdf   ;         ;
; display.tdf                      ; yes             ; User AHDL File                     ; C:/Pasta Pessoal/Periodo 20.2/Eln Digital/Projeto2/display.tdf            ;         ;
; debounce.tdf                     ; yes             ; User AHDL File                     ; C:/Pasta Pessoal/Periodo 20.2/Eln Digital/Projeto2/debounce.tdf           ;         ;
; contador_m2.tdf                  ; yes             ; User AHDL File                     ; C:/Pasta Pessoal/Periodo 20.2/Eln Digital/Projeto2/contador_m2.tdf        ;         ;
; contador_m1.tdf                  ; yes             ; User AHDL File                     ; C:/Pasta Pessoal/Periodo 20.2/Eln Digital/Projeto2/contador_m1.tdf        ;         ;
; contador_h2.tdf                  ; yes             ; User AHDL File                     ; C:/Pasta Pessoal/Periodo 20.2/Eln Digital/Projeto2/contador_h2.tdf        ;         ;
; contador_h1.tdf                  ; yes             ; User AHDL File                     ; C:/Pasta Pessoal/Periodo 20.2/Eln Digital/Projeto2/contador_h1.tdf        ;         ;
; contador.tdf                     ; yes             ; User AHDL File                     ; C:/Pasta Pessoal/Periodo 20.2/Eln Digital/Projeto2/contador.tdf           ;         ;
; ajuste.tdf                       ; yes             ; User AHDL File                     ; C:/Pasta Pessoal/Periodo 20.2/Eln Digital/Projeto2/ajuste.tdf             ;         ;
; Projeto_2_Blocks.bdf             ; yes             ; User Block Diagram/Schematic File  ; C:/Pasta Pessoal/Periodo 20.2/Eln Digital/Projeto2/Projeto_2_Blocks.bdf   ;         ;
; alarme.tdf                       ; yes             ; User AHDL File                     ; C:/Pasta Pessoal/Periodo 20.2/Eln Digital/Projeto2/alarme.tdf             ;         ;
; mux_visor.tdf                    ; yes             ; User AHDL File                     ; C:/Pasta Pessoal/Periodo 20.2/Eln Digital/Projeto2/mux_visor.tdf          ;         ;
; tratamento_botoes.tdf            ; yes             ; User AHDL File                     ; C:/Pasta Pessoal/Periodo 20.2/Eln Digital/Projeto2/tratamento_botoes.tdf  ;         ;
; acionamento_buzzer.tdf           ; yes             ; User AHDL File                     ; C:/Pasta Pessoal/Periodo 20.2/Eln Digital/Projeto2/acionamento_buzzer.tdf ;         ;
+----------------------------------+-----------------+------------------------------------+---------------------------------------------------------------------------+---------+


+---------------------------------------------------------------+
; Analysis & Synthesis Resource Usage Summary                   ;
+---------------------------------------------+-----------------+
; Resource                                    ; Usage           ;
+---------------------------------------------+-----------------+
; Estimated Total logic elements              ; 419             ;
;                                             ;                 ;
; Total combinational functions               ; 411             ;
; Logic element usage by number of LUT inputs ;                 ;
;     -- 4 input functions                    ; 181             ;
;     -- 3 input functions                    ; 61              ;
;     -- <=2 input functions                  ; 169             ;
;                                             ;                 ;
; Logic elements by mode                      ;                 ;
;     -- normal mode                          ; 270             ;
;     -- arithmetic mode                      ; 141             ;
;                                             ;                 ;
; Total registers                             ; 224             ;
;     -- Dedicated logic registers            ; 224             ;
;     -- I/O registers                        ; 0               ;
;                                             ;                 ;
; I/O pins                                    ; 21              ;
;                                             ;                 ;
; Embedded Multiplier 9-bit elements          ; 0               ;
;                                             ;                 ;
; Maximum fan-out node                        ; clk_placa~input ;
; Maximum fan-out                             ; 217             ;
; Total fan-out                               ; 1891            ;
; Average fan-out                             ; 2.79            ;
+---------------------------------------------+-----------------+


+------------------------------------------------------------------------------------------------------------------------------------------------------------------------------------------------------------------------------------------+
; Analysis & Synthesis Resource Utilization by Entity                                                                                                                                                                                      ;
+-------------------------------+---------------------+---------------------------+-------------+--------------+---------+-----------+------+--------------+--------------------------------------------+-------------------+--------------+
; Compilation Hierarchy Node    ; Combinational ALUTs ; Dedicated Logic Registers ; Memory Bits ; DSP Elements ; DSP 9x9 ; DSP 18x18 ; Pins ; Virtual Pins ; Full Hierarchy Name                        ; Entity Name       ; Library Name ;
+-------------------------------+---------------------+---------------------------+-------------+--------------+---------+-----------+------+--------------+--------------------------------------------+-------------------+--------------+
; |Projeto_2_Blocks             ; 411 (0)             ; 224 (0)                   ; 0           ; 0            ; 0       ; 0         ; 21   ; 0            ; |Projeto_2_Blocks                          ; Projeto_2_Blocks  ; work         ;
;    |acionamento_buzz:inst25|  ; 55 (55)             ; 41 (41)                   ; 0           ; 0            ; 0       ; 0         ; 0    ; 0            ; |Projeto_2_Blocks|acionamento_buzz:inst25  ; acionamento_buzz  ; work         ;
;    |ajuste:inst15|            ; 7 (7)               ; 4 (4)                     ; 0           ; 0            ; 0       ; 0         ; 0    ; 0            ; |Projeto_2_Blocks|ajuste:inst15            ; ajuste            ; work         ;
;    |alarme:inst27|            ; 10 (10)             ; 0 (0)                     ; 0           ; 0            ; 0       ; 0         ; 0    ; 0            ; |Projeto_2_Blocks|alarme:inst27            ; alarme            ; work         ;
;    |contador:inst14|          ; 8 (8)               ; 7 (7)                     ; 0           ; 0            ; 0       ; 0         ; 0    ; 0            ; |Projeto_2_Blocks|contador:inst14          ; contador          ; work         ;
;    |contador_h1:inst16|       ; 7 (7)               ; 5 (5)                     ; 0           ; 0            ; 0       ; 0         ; 0    ; 0            ; |Projeto_2_Blocks|contador_h1:inst16       ; contador_h1       ; work         ;
;    |contador_h1:inst6|        ; 7 (7)               ; 5 (5)                     ; 0           ; 0            ; 0       ; 0         ; 0    ; 0            ; |Projeto_2_Blocks|contador_h1:inst6        ; contador_h1       ; work         ;
;    |contador_h2:inst17|       ; 8 (8)               ; 5 (5)                     ; 0           ; 0            ; 0       ; 0         ; 0    ; 0            ; |Projeto_2_Blocks|contador_h2:inst17       ; contador_h2       ; work         ;
;    |contador_h2:inst5|        ; 11 (11)             ; 6 (6)                     ; 0           ; 0            ; 0       ; 0         ; 0    ; 0            ; |Projeto_2_Blocks|contador_h2:inst5        ; contador_h2       ; work         ;
;    |contador_m1:inst18|       ; 6 (6)               ; 5 (5)                     ; 0           ; 0            ; 0       ; 0         ; 0    ; 0            ; |Projeto_2_Blocks|contador_m1:inst18       ; contador_m1       ; work         ;
;    |contador_m1:inst7|        ; 9 (9)               ; 6 (6)                     ; 0           ; 0            ; 0       ; 0         ; 0    ; 0            ; |Projeto_2_Blocks|contador_m1:inst7        ; contador_m1       ; work         ;
;    |contador_m2:inst19|       ; 7 (7)               ; 5 (5)                     ; 0           ; 0            ; 0       ; 0         ; 0    ; 0            ; |Projeto_2_Blocks|contador_m2:inst19       ; contador_m2       ; work         ;
;    |contador_m2:inst9|        ; 9 (9)               ; 6 (6)                     ; 0           ; 0            ; 0       ; 0         ; 0    ; 0            ; |Projeto_2_Blocks|contador_m2:inst9        ; contador_m2       ; work         ;
;    |debounce:inst1|           ; 28 (28)             ; 22 (22)                   ; 0           ; 0            ; 0       ; 0         ; 0    ; 0            ; |Projeto_2_Blocks|debounce:inst1           ; debounce          ; work         ;
;    |debounce:inst2|           ; 27 (27)             ; 22 (22)                   ; 0           ; 0            ; 0       ; 0         ; 0    ; 0            ; |Projeto_2_Blocks|debounce:inst2           ; debounce          ; work         ;
;    |debounce:inst3|           ; 27 (27)             ; 22 (22)                   ; 0           ; 0            ; 0       ; 0         ; 0    ; 0            ; |Projeto_2_Blocks|debounce:inst3           ; debounce          ; work         ;
;    |debounce:inst|            ; 27 (27)             ; 22 (22)                   ; 0           ; 0            ; 0       ; 0         ; 0    ; 0            ; |Projeto_2_Blocks|debounce:inst            ; debounce          ; work         ;
;    |display:inst4|            ; 107 (107)           ; 15 (15)                   ; 0           ; 0            ; 0       ; 0         ; 0    ; 0            ; |Projeto_2_Blocks|display:inst4            ; display           ; work         ;
;    |mux_visor:inst21|         ; 16 (16)             ; 0 (0)                     ; 0           ; 0            ; 0       ; 0         ; 0    ; 0            ; |Projeto_2_Blocks|mux_visor:inst21         ; mux_visor         ; work         ;
;    |redutor_de_clock:inst12|  ; 34 (34)             ; 26 (26)                   ; 0           ; 0            ; 0       ; 0         ; 0    ; 0            ; |Projeto_2_Blocks|redutor_de_clock:inst12  ; redutor_de_clock  ; work         ;
;    |tratamento_botoes:inst29| ; 1 (1)               ; 0 (0)                     ; 0           ; 0            ; 0       ; 0         ; 0    ; 0            ; |Projeto_2_Blocks|tratamento_botoes:inst29 ; tratamento_botoes ; work         ;
+-------------------------------+---------------------+---------------------------+-------------+--------------+---------+-----------+------+--------------+--------------------------------------------+-------------------+--------------+
Note: For table entries with two numbers listed, the numbers in parentheses indicate the number of resources of the given type used by the specific entity alone. The numbers listed outside of parentheses indicate the total resources of the given type used by the specific entity and all of its sub-entities in the hierarchy.


+--------------------------------------------------------------------------------+
; Registers Removed During Synthesis                                             ;
+---------------------------------------+----------------------------------------+
; Register name                         ; Reason for Removal                     ;
+---------------------------------------+----------------------------------------+
; contador_m2:inst9|setup               ; Stuck at VCC due to stuck port data_in ;
; contador_m2:inst19|setup              ; Stuck at VCC due to stuck port data_in ;
; Total Number of Removed Registers = 2 ;                                        ;
+---------------------------------------+----------------------------------------+


+------------------------------------------------------+
; General Register Statistics                          ;
+----------------------------------------------+-------+
; Statistic                                    ; Value ;
+----------------------------------------------+-------+
; Total registers                              ; 224   ;
; Number of registers using Synchronous Clear  ; 150   ;
; Number of registers using Synchronous Load   ; 0     ;
; Number of registers using Asynchronous Clear ; 0     ;
; Number of registers using Asynchronous Load  ; 0     ;
; Number of registers using Clock Enable       ; 26    ;
; Number of registers using Preset             ; 0     ;
+----------------------------------------------+-------+


+-----------------------------------------------------+
; Post-Synthesis Netlist Statistics for Top Partition ;
+-----------------------+-----------------------------+
; Type                  ; Count                       ;
+-----------------------+-----------------------------+
; boundary_port         ; 21                          ;
; cycloneiii_ff         ; 224                         ;
;     ENA               ; 26                          ;
;     SCLR              ; 150                         ;
;     plain             ; 48                          ;
; cycloneiii_lcell_comb ; 412                         ;
;     arith             ; 141                         ;
;         2 data inputs ; 132                         ;
;         3 data inputs ; 9                           ;
;     normal            ; 271                         ;
;         1 data inputs ; 16                          ;
;         2 data inputs ; 22                          ;
;         3 data inputs ; 52                          ;
;         4 data inputs ; 181                         ;
;                       ;                             ;
; Max LUT depth         ; 7.00                        ;
; Average LUT depth     ; 3.34                        ;
+-----------------------+-----------------------------+


+-------------------------------+
; Elapsed Time Per Partition    ;
+----------------+--------------+
; Partition Name ; Elapsed Time ;
+----------------+--------------+
; Top            ; 00:00:03     ;
+----------------+--------------+


+-------------------------------+
; Analysis & Synthesis Messages ;
+-------------------------------+
Info: *******************************************************************
Info: Running Quartus Prime Analysis & Synthesis
    Info: Version 20.1.1 Build 720 11/11/2020 SJ Lite Edition
    Info: Processing started: Tue Aug 03 22:27:57 2021
Info: Command: quartus_map --read_settings_files=on --write_settings_files=off Projeto_2 -c Projeto_2
Warning (18236): Number of processors has not been specified which may cause overloading on shared machines.  Set the global assignment NUM_PARALLEL_PROCESSORS in your QSF to an appropriate value for best performance.
Info (20030): Parallel compilation is enabled and will use 2 of the 2 processors detected
Info (12021): Found 1 design units, including 1 entities, in source file redutor_de_clock.tdf
    Info (12023): Found entity 1: redutor_de_clock File: C:/Pasta Pessoal/Periodo 20.2/Eln Digital/Projeto2/redutor_de_clock.tdf Line: 1
Info (12021): Found 1 design units, including 1 entities, in source file display.tdf
    Info (12023): Found entity 1: display File: C:/Pasta Pessoal/Periodo 20.2/Eln Digital/Projeto2/display.tdf Line: 1
Info (12021): Found 1 design units, including 1 entities, in source file debounce.tdf
    Info (12023): Found entity 1: debounce File: C:/Pasta Pessoal/Periodo 20.2/Eln Digital/Projeto2/debounce.tdf Line: 1
Info (12021): Found 1 design units, including 1 entities, in source file contador_m2.tdf
    Info (12023): Found entity 1: contador_m2 File: C:/Pasta Pessoal/Periodo 20.2/Eln Digital/Projeto2/contador_m2.tdf Line: 1
Info (12021): Found 1 design units, including 1 entities, in source file contador_m1.tdf
    Info (12023): Found entity 1: contador_m1 File: C:/Pasta Pessoal/Periodo 20.2/Eln Digital/Projeto2/contador_m1.tdf Line: 1
Info (12021): Found 1 design units, including 1 entities, in source file contador_h2.tdf
    Info (12023): Found entity 1: contador_h2 File: C:/Pasta Pessoal/Periodo 20.2/Eln Digital/Projeto2/contador_h2.tdf Line: 1
Info (12021): Found 1 design units, including 1 entities, in source file contador_h1.tdf
    Info (12023): Found entity 1: contador_h1 File: C:/Pasta Pessoal/Periodo 20.2/Eln Digital/Projeto2/contador_h1.tdf Line: 1
Warning (287013): Variable or input pin "clk_aux" is defined but never used. File: C:/Pasta Pessoal/Periodo 20.2/Eln Digital/Projeto2/contador.tdf Line: 14
Info (12021): Found 1 design units, including 1 entities, in source file contador.tdf
    Info (12023): Found entity 1: contador File: C:/Pasta Pessoal/Periodo 20.2/Eln Digital/Projeto2/contador.tdf Line: 1
Warning (287013): Variable or input pin "aux2" is defined but never used. File: C:/Pasta Pessoal/Periodo 20.2/Eln Digital/Projeto2/ajuste.tdf Line: 22
Info (12021): Found 1 design units, including 1 entities, in source file ajuste.tdf
    Info (12023): Found entity 1: ajuste File: C:/Pasta Pessoal/Periodo 20.2/Eln Digital/Projeto2/ajuste.tdf Line: 1
Info (12021): Found 1 design units, including 1 entities, in source file projeto_2_blocks.bdf
    Info (12023): Found entity 1: Projeto_2_Blocks
Info (12021): Found 1 design units, including 1 entities, in source file alarme.tdf
    Info (12023): Found entity 1: alarme File: C:/Pasta Pessoal/Periodo 20.2/Eln Digital/Projeto2/alarme.tdf Line: 1
Info (12021): Found 1 design units, including 1 entities, in source file mux_visor.tdf
    Info (12023): Found entity 1: mux_visor File: C:/Pasta Pessoal/Periodo 20.2/Eln Digital/Projeto2/mux_visor.tdf Line: 1
Info (12021): Found 1 design units, including 1 entities, in source file tratamento_botoes.tdf
    Info (12023): Found entity 1: tratamento_botoes File: C:/Pasta Pessoal/Periodo 20.2/Eln Digital/Projeto2/tratamento_botoes.tdf Line: 1
Info (12021): Found 1 design units, including 1 entities, in source file acionamento_buzzer.tdf
    Info (12023): Found entity 1: acionamento_buzz File: C:/Pasta Pessoal/Periodo 20.2/Eln Digital/Projeto2/acionamento_buzzer.tdf Line: 1
Info (12127): Elaborating entity "Projeto_2_Blocks" for the top level hierarchy
Info (12128): Elaborating entity "contador_h1" for hierarchy "contador_h1:inst6"
Info (12128): Elaborating entity "contador_h2" for hierarchy "contador_h2:inst5"
Info (12128): Elaborating entity "contador_m1" for hierarchy "contador_m1:inst7"
Info (12128): Elaborating entity "contador_m2" for hierarchy "contador_m2:inst9"
Info (12128): Elaborating entity "contador" for hierarchy "contador:inst14"
Info (12128): Elaborating entity "redutor_de_clock" for hierarchy "redutor_de_clock:inst12"
Info (12128): Elaborating entity "ajuste" for hierarchy "ajuste:inst15"
Info (12128): Elaborating entity "debounce" for hierarchy "debounce:inst"
Info (12128): Elaborating entity "contador_h1" for hierarchy "contador_h1:inst16"
Info (12128): Elaborating entity "tratamento_botoes" for hierarchy "tratamento_botoes:inst29"
Info (12128): Elaborating entity "acionamento_buzz" for hierarchy "acionamento_buzz:inst25"
Info (12128): Elaborating entity "alarme" for hierarchy "alarme:inst27"
Info (12128): Elaborating entity "contador_h2" for hierarchy "contador_h2:inst17"
Info (12128): Elaborating entity "contador_m1" for hierarchy "contador_m1:inst18"
Info (12128): Elaborating entity "contador_m2" for hierarchy "contador_m2:inst19"
Info (12128): Elaborating entity "display" for hierarchy "display:inst4"
Info (12128): Elaborating entity "mux_visor" for hierarchy "mux_visor:inst21"
Info (286030): Timing-Driven Synthesis is running
Info (16010): Generating hard_block partition "hard_block:auto_generated_inst"
    Info (16011): Adding 0 node(s), including 0 DDIO, 0 PLL, 0 transceiver and 0 LCELL
Info (21057): Implemented 446 device resources after synthesis - the final resource count might be different
    Info (21058): Implemented 5 input pins
    Info (21059): Implemented 16 output pins
    Info (21061): Implemented 425 logic cells
Info: Quartus Prime Analysis & Synthesis was successful. 0 errors, 3 warnings
    Info: Peak virtual memory: 4755 megabytes
    Info: Processing ended: Tue Aug 03 22:28:40 2021
    Info: Elapsed time: 00:00:43
    Info: Total CPU time (on all processors): 00:01:15


