Analysis & Synthesis report for Projeto1
Mon Jun 21 22:06:58 2021
Quartus Prime Version 20.1.1 Build 720 11/11/2020 SJ Lite Edition


---------------------
; Table of Contents ;
---------------------
  1. Legal Notice
  2. Analysis & Synthesis Summary
  3. Analysis & Synthesis Settings
  4. Parallel Compilation
  5. Analysis & Synthesis Source Files Read
  6. Analysis & Synthesis Resource Usage Summary
  7. Analysis & Synthesis Resource Utilization by Entity
  8. General Register Statistics
  9. Parameter Settings for User Entity Instance: Divisor_de_clock2:inst|LPM_COUNTER:inst
 10. Parameter Settings for User Entity Instance: divisor_de_clock:inst11|LPM_COUNTER:inst
 11. Post-Synthesis Netlist Statistics for Top Partition
 12. Elapsed Time Per Partition
 13. Analysis & Synthesis Messages



----------------
; Legal Notice ;
----------------
Copyright (C) 2020  Intel Corporation. All rights reserved.
Your use of Intel Corporation's design tools, logic functions 
and other software and tools, and any partner logic 
functions, and any output files from any of the foregoing 
(including device programming or simulation files), and any 
associated documentation or information are expressly subject 
to the terms and conditions of the Intel Program License 
Subscription Agreement, the Intel Quartus Prime License Agreement,
the Intel FPGA IP License Agreement, or other applicable license
agreement, including, without limitation, that your use is for
the sole purpose of programming logic devices manufactured by
Intel and sold by Intel or its authorized distributors.  Please
refer to the applicable agreement for further details, at
https://fpgasoftware.intel.com/eula.



+----------------------------------------------------------------------------------+
; Analysis & Synthesis Summary                                                     ;
+------------------------------------+---------------------------------------------+
; Analysis & Synthesis Status        ; Successful - Mon Jun 21 22:06:58 2021       ;
; Quartus Prime Version              ; 20.1.1 Build 720 11/11/2020 SJ Lite Edition ;
; Revision Name                      ; Projeto1                                    ;
; Top-level Entity Name              ; projeto                                     ;
; Family                             ; Cyclone IV E                                ;
; Total logic elements               ; 143                                         ;
;     Total combinational functions  ; 139                                         ;
;     Dedicated logic registers      ; 61                                          ;
; Total registers                    ; 61                                          ;
; Total pins                         ; 18                                          ;
; Total virtual pins                 ; 0                                           ;
; Total memory bits                  ; 0                                           ;
; Embedded Multiplier 9-bit elements ; 0                                           ;
; Total PLLs                         ; 0                                           ;
+------------------------------------+---------------------------------------------+


+------------------------------------------------------------------------------------------------------------+
; Analysis & Synthesis Settings                                                                              ;
+------------------------------------------------------------------+--------------------+--------------------+
; Option                                                           ; Setting            ; Default Value      ;
+------------------------------------------------------------------+--------------------+--------------------+
; Device                                                           ; EP4CE6E22C8        ;                    ;
; Top-level entity name                                            ; projeto            ; Projeto1           ;
; Family name                                                      ; Cyclone IV E       ; Cyclone V          ;
; Use smart compilation                                            ; Off                ; Off                ;
; Enable parallel Assembler and Timing Analyzer during compilation ; On                 ; On                 ;
; Enable compact report table                                      ; Off                ; Off                ;
; Restructure Multiplexers                                         ; Auto               ; Auto               ;
; Create Debugging Nodes for IP Cores                              ; Off                ; Off                ;
; Preserve fewer node names                                        ; On                 ; On                 ;
; Intel FPGA IP Evaluation Mode                                    ; Enable             ; Enable             ;
; Verilog Version                                                  ; Verilog_2001       ; Verilog_2001       ;
; VHDL Version                                                     ; VHDL_1993          ; VHDL_1993          ;
; State Machine Processing                                         ; Auto               ; Auto               ;
; Safe State Machine                                               ; Off                ; Off                ;
; Extract Verilog State Machines                                   ; On                 ; On                 ;
; Extract VHDL State Machines                                      ; On                 ; On                 ;
; Ignore Verilog initial constructs                                ; Off                ; Off                ;
; Iteration limit for constant Verilog loops                       ; 5000               ; 5000               ;
; Iteration limit for non-constant Verilog loops                   ; 250                ; 250                ;
; Add Pass-Through Logic to Inferred RAMs                          ; On                 ; On                 ;
; Infer RAMs from Raw Logic                                        ; On                 ; On                 ;
; Parallel Synthesis                                               ; On                 ; On                 ;
; DSP Block Balancing                                              ; Auto               ; Auto               ;
; NOT Gate Push-Back                                               ; On                 ; On                 ;
; Power-Up Don't Care                                              ; On                 ; On                 ;
; Remove Redundant Logic Cells                                     ; Off                ; Off                ;
; Remove Duplicate Registers                                       ; On                 ; On                 ;
; Ignore CARRY Buffers                                             ; Off                ; Off                ;
; Ignore CASCADE Buffers                                           ; Off                ; Off                ;
; Ignore GLOBAL Buffers                                            ; Off                ; Off                ;
; Ignore ROW GLOBAL Buffers                                        ; Off                ; Off                ;
; Ignore LCELL Buffers                                             ; Off                ; Off                ;
; Ignore SOFT Buffers                                              ; On                 ; On                 ;
; Limit AHDL Integers to 32 Bits                                   ; Off                ; Off                ;
; Optimization Technique                                           ; Balanced           ; Balanced           ;
; Carry Chain Length                                               ; 70                 ; 70                 ;
; Auto Carry Chains                                                ; On                 ; On                 ;
; Auto Open-Drain Pins                                             ; On                 ; On                 ;
; Perform WYSIWYG Primitive Resynthesis                            ; Off                ; Off                ;
; Auto ROM Replacement                                             ; On                 ; On                 ;
; Auto RAM Replacement                                             ; On                 ; On                 ;
; Auto DSP Block Replacement                                       ; On                 ; On                 ;
; Auto Shift Register Replacement                                  ; Auto               ; Auto               ;
; Allow Shift Register Merging across Hierarchies                  ; Auto               ; Auto               ;
; Auto Clock Enable Replacement                                    ; On                 ; On                 ;
; Strict RAM Replacement                                           ; Off                ; Off                ;
; Allow Synchronous Control Signals                                ; On                 ; On                 ;
; Force Use of Synchronous Clear Signals                           ; Off                ; Off                ;
; Auto RAM Block Balancing                                         ; On                 ; On                 ;
; Auto RAM to Logic Cell Conversion                                ; Off                ; Off                ;
; Auto Resource Sharing                                            ; Off                ; Off                ;
; Allow Any RAM Size For Recognition                               ; Off                ; Off                ;
; Allow Any ROM Size For Recognition                               ; Off                ; Off                ;
; Allow Any Shift Register Size For Recognition                    ; Off                ; Off                ;
; Use LogicLock Constraints during Resource Balancing              ; On                 ; On                 ;
; Ignore translate_off and synthesis_off directives                ; Off                ; Off                ;
; Timing-Driven Synthesis                                          ; On                 ; On                 ;
; Report Parameter Settings                                        ; On                 ; On                 ;
; Report Source Assignments                                        ; On                 ; On                 ;
; Report Connectivity Checks                                       ; On                 ; On                 ;
; Ignore Maximum Fan-Out Assignments                               ; Off                ; Off                ;
; Synchronization Register Chain Length                            ; 2                  ; 2                  ;
; Power Optimization During Synthesis                              ; Normal compilation ; Normal compilation ;
; HDL message level                                                ; Level2             ; Level2             ;
; Suppress Register Optimization Related Messages                  ; Off                ; Off                ;
; Number of Removed Registers Reported in Synthesis Report         ; 5000               ; 5000               ;
; Number of Swept Nodes Reported in Synthesis Report               ; 5000               ; 5000               ;
; Number of Inverted Registers Reported in Synthesis Report        ; 100                ; 100                ;
; Clock MUX Protection                                             ; On                 ; On                 ;
; Auto Gated Clock Conversion                                      ; Off                ; Off                ;
; Block Design Naming                                              ; Auto               ; Auto               ;
; SDC constraint protection                                        ; Off                ; Off                ;
; Synthesis Effort                                                 ; Auto               ; Auto               ;
; Shift Register Replacement - Allow Asynchronous Clear Signal     ; On                 ; On                 ;
; Pre-Mapping Resynthesis Optimization                             ; Off                ; Off                ;
; Analysis & Synthesis Message Level                               ; Medium             ; Medium             ;
; Disable Register Merging Across Hierarchies                      ; Auto               ; Auto               ;
; Resource Aware Inference For Block RAM                           ; On                 ; On                 ;
+------------------------------------------------------------------+--------------------+--------------------+


+------------------------------------------+
; Parallel Compilation                     ;
+----------------------------+-------------+
; Processors                 ; Number      ;
+----------------------------+-------------+
; Number detected on machine ; 4           ;
; Maximum allowed            ; 2           ;
;                            ;             ;
; Average used               ; 1.00        ;
; Maximum used               ; 2           ;
;                            ;             ;
; Usage by Processor         ; % Time Used ;
;     Processor 1            ; 100.0%      ;
;     Processor 2            ;   0.0%      ;
+----------------------------+-------------+


+----------------------------------------------------------------------------------------------------------------------------------------------------------------------------------------+
; Analysis & Synthesis Source Files Read                                                                                                                                                 ;
+----------------------------------+-----------------+------------------------------------+------------------------------------------------------------------------------------+---------+
; File Name with User-Entered Path ; Used in Netlist ; File Type                          ; File Name with Absolute Path                                                       ; Library ;
+----------------------------------+-----------------+------------------------------------+------------------------------------------------------------------------------------+---------+
; seletor_display.bdf              ; yes             ; User Block Diagram/Schematic File  ; C:/Pasta Pessoal/Periodo 20.2/Eln Digital/Projeto1/Quartus/seletor_display.bdf     ;         ;
; mux_7seg.bdf                     ; yes             ; User Block Diagram/Schematic File  ; C:/Pasta Pessoal/Periodo 20.2/Eln Digital/Projeto1/Quartus/mux_7seg.bdf            ;         ;
; Divisor_de_clock2.bdf            ; yes             ; User Block Diagram/Schematic File  ; C:/Pasta Pessoal/Periodo 20.2/Eln Digital/Projeto1/Quartus/Divisor_de_clock2.bdf   ;         ;
; somador_e_subtrator.bdf          ; yes             ; User Block Diagram/Schematic File  ; C:/Pasta Pessoal/Periodo 20.2/Eln Digital/Projeto1/Quartus/somador_e_subtrator.bdf ;         ;
; divisor_de_clock.bdf             ; yes             ; User Block Diagram/Schematic File  ; C:/Pasta Pessoal/Periodo 20.2/Eln Digital/Projeto1/Quartus/divisor_de_clock.bdf    ;         ;
; projeto.bdf                      ; yes             ; User Block Diagram/Schematic File  ; C:/Pasta Pessoal/Periodo 20.2/Eln Digital/Projeto1/Quartus/projeto.bdf             ;         ;
; decod_bsd_7seg.bdf               ; yes             ; User Block Diagram/Schematic File  ; C:/Pasta Pessoal/Periodo 20.2/Eln Digital/Projeto1/Quartus/decod_bsd_7seg.bdf      ;         ;
; som_sub_4bits.bdf                ; yes             ; User Block Diagram/Schematic File  ; C:/Pasta Pessoal/Periodo 20.2/Eln Digital/Projeto1/Quartus/som_sub_4bits.bdf       ;         ;
; somador_condicional.bdf          ; yes             ; User Block Diagram/Schematic File  ; C:/Pasta Pessoal/Periodo 20.2/Eln Digital/Projeto1/Quartus/somador_condicional.bdf ;         ;
; debounce2.bdf                    ; yes             ; User Block Diagram/Schematic File  ; C:/Pasta Pessoal/Periodo 20.2/Eln Digital/Projeto1/Quartus/debounce2.bdf           ;         ;
; debounce3.bdf                    ; yes             ; User Block Diagram/Schematic File  ; C:/Pasta Pessoal/Periodo 20.2/Eln Digital/Projeto1/Quartus/debounce3.bdf           ;         ;
; lpm_counter.tdf                  ; yes             ; Megafunction                       ; c:/intelfpga_lite/20.1/quartus/libraries/megafunctions/lpm_counter.tdf             ;         ;
; lpm_constant.inc                 ; yes             ; Megafunction                       ; c:/intelfpga_lite/20.1/quartus/libraries/megafunctions/lpm_constant.inc            ;         ;
; lpm_decode.inc                   ; yes             ; Megafunction                       ; c:/intelfpga_lite/20.1/quartus/libraries/megafunctions/lpm_decode.inc              ;         ;
; lpm_add_sub.inc                  ; yes             ; Megafunction                       ; c:/intelfpga_lite/20.1/quartus/libraries/megafunctions/lpm_add_sub.inc             ;         ;
; cmpconst.inc                     ; yes             ; Megafunction                       ; c:/intelfpga_lite/20.1/quartus/libraries/megafunctions/cmpconst.inc                ;         ;
; lpm_compare.inc                  ; yes             ; Megafunction                       ; c:/intelfpga_lite/20.1/quartus/libraries/megafunctions/lpm_compare.inc             ;         ;
; lpm_counter.inc                  ; yes             ; Megafunction                       ; c:/intelfpga_lite/20.1/quartus/libraries/megafunctions/lpm_counter.inc             ;         ;
; dffeea.inc                       ; yes             ; Megafunction                       ; c:/intelfpga_lite/20.1/quartus/libraries/megafunctions/dffeea.inc                  ;         ;
; alt_counter_stratix.inc          ; yes             ; Megafunction                       ; c:/intelfpga_lite/20.1/quartus/libraries/megafunctions/alt_counter_stratix.inc     ;         ;
; aglobal201.inc                   ; yes             ; Megafunction                       ; c:/intelfpga_lite/20.1/quartus/libraries/megafunctions/aglobal201.inc              ;         ;
; db/cntr_idg.tdf                  ; yes             ; Auto-Generated Megafunction        ; C:/Pasta Pessoal/Periodo 20.2/Eln Digital/Projeto1/Quartus/db/cntr_idg.tdf         ;         ;
; db/cntr_g2i.tdf                  ; yes             ; Auto-Generated Megafunction        ; C:/Pasta Pessoal/Periodo 20.2/Eln Digital/Projeto1/Quartus/db/cntr_g2i.tdf         ;         ;
; db/cmpr_dic.tdf                  ; yes             ; Auto-Generated Megafunction        ; C:/Pasta Pessoal/Periodo 20.2/Eln Digital/Projeto1/Quartus/db/cmpr_dic.tdf         ;         ;
+----------------------------------+-----------------+------------------------------------+------------------------------------------------------------------------------------+---------+


+---------------------------------------------------------+
; Analysis & Synthesis Resource Usage Summary             ;
+---------------------------------------------+-----------+
; Resource                                    ; Usage     ;
+---------------------------------------------+-----------+
; Estimated Total logic elements              ; 143       ;
;                                             ;           ;
; Total combinational functions               ; 139       ;
; Logic element usage by number of LUT inputs ;           ;
;     -- 4 input functions                    ; 65        ;
;     -- 3 input functions                    ; 11        ;
;     -- <=2 input functions                  ; 63        ;
;                                             ;           ;
; Logic elements by mode                      ;           ;
;     -- normal mode                          ; 104       ;
;     -- arithmetic mode                      ; 35        ;
;                                             ;           ;
; Total registers                             ; 61        ;
;     -- Dedicated logic registers            ; 61        ;
;     -- I/O registers                        ; 0         ;
;                                             ;           ;
; I/O pins                                    ; 18        ;
;                                             ;           ;
; Embedded Multiplier 9-bit elements          ; 0         ;
;                                             ;           ;
; Maximum fan-out node                        ; CLK~input ;
; Maximum fan-out                             ; 35        ;
; Total fan-out                               ; 623       ;
; Average fan-out                             ; 2.64      ;
+---------------------------------------------+-----------+


+-------------------------------------------------------------------------------------------------------------------------------------------------------------------------------------------------------------------------------------------------------------------------------------------------+
; Analysis & Synthesis Resource Utilization by Entity                                                                                                                                                                                                                                             ;
+--------------------------------------+---------------------+---------------------------+-------------+--------------+---------+-----------+------+--------------+------------------------------------------------------------------------------------------+---------------------+--------------+
; Compilation Hierarchy Node           ; Combinational ALUTs ; Dedicated Logic Registers ; Memory Bits ; DSP Elements ; DSP 9x9 ; DSP 18x18 ; Pins ; Virtual Pins ; Full Hierarchy Name                                                                      ; Entity Name         ; Library Name ;
+--------------------------------------+---------------------+---------------------------+-------------+--------------+---------+-----------+------+--------------+------------------------------------------------------------------------------------------+---------------------+--------------+
; |projeto                             ; 139 (7)             ; 61 (0)                    ; 0           ; 0            ; 0       ; 0         ; 18   ; 0            ; |projeto                                                                                 ; projeto             ; work         ;
;    |Divisor_de_clock2:inst|          ; 12 (1)              ; 11 (1)                    ; 0           ; 0            ; 0       ; 0         ; 0    ; 0            ; |projeto|Divisor_de_clock2:inst                                                          ; Divisor_de_clock2   ; work         ;
;       |lpm_counter:inst|             ; 11 (0)              ; 10 (0)                    ; 0           ; 0            ; 0       ; 0         ; 0    ; 0            ; |projeto|Divisor_de_clock2:inst|lpm_counter:inst                                         ; lpm_counter         ; work         ;
;          |cntr_idg:auto_generated|   ; 11 (11)             ; 10 (10)                   ; 0           ; 0            ; 0       ; 0         ; 0    ; 0            ; |projeto|Divisor_de_clock2:inst|lpm_counter:inst|cntr_idg:auto_generated                 ; cntr_idg            ; work         ;
;    |debounce2:inst21|                ; 2 (2)               ; 3 (3)                     ; 0           ; 0            ; 0       ; 0         ; 0    ; 0            ; |projeto|debounce2:inst21                                                                ; debounce2           ; work         ;
;    |debounce3:inst3|                 ; 2 (2)               ; 3 (3)                     ; 0           ; 0            ; 0       ; 0         ; 0    ; 0            ; |projeto|debounce3:inst3                                                                 ; debounce3           ; work         ;
;    |divisor_de_clock:inst11|         ; 36 (1)              ; 26 (1)                    ; 0           ; 0            ; 0       ; 0         ; 0    ; 0            ; |projeto|divisor_de_clock:inst11                                                         ; divisor_de_clock    ; work         ;
;       |lpm_counter:inst|             ; 35 (0)              ; 25 (0)                    ; 0           ; 0            ; 0       ; 0         ; 0    ; 0            ; |projeto|divisor_de_clock:inst11|lpm_counter:inst                                        ; lpm_counter         ; work         ;
;          |cntr_g2i:auto_generated|   ; 35 (27)             ; 25 (25)                   ; 0           ; 0            ; 0       ; 0         ; 0    ; 0            ; |projeto|divisor_de_clock:inst11|lpm_counter:inst|cntr_g2i:auto_generated                ; cntr_g2i            ; work         ;
;             |cmpr_dic:cmpr1|         ; 8 (8)               ; 0 (0)                     ; 0           ; 0            ; 0       ; 0         ; 0    ; 0            ; |projeto|divisor_de_clock:inst11|lpm_counter:inst|cntr_g2i:auto_generated|cmpr_dic:cmpr1 ; cmpr_dic            ; work         ;
;    |mux_7seg:inst10|                 ; 5 (5)               ; 0 (0)                     ; 0           ; 0            ; 0       ; 0         ; 0    ; 0            ; |projeto|mux_7seg:inst10                                                                 ; mux_7seg            ; work         ;
;    |mux_7seg:inst12|                 ; 5 (5)               ; 0 (0)                     ; 0           ; 0            ; 0       ; 0         ; 0    ; 0            ; |projeto|mux_7seg:inst12                                                                 ; mux_7seg            ; work         ;
;    |mux_7seg:inst15|                 ; 6 (6)               ; 0 (0)                     ; 0           ; 0            ; 0       ; 0         ; 0    ; 0            ; |projeto|mux_7seg:inst15                                                                 ; mux_7seg            ; work         ;
;    |mux_7seg:inst6|                  ; 5 (5)               ; 0 (0)                     ; 0           ; 0            ; 0       ; 0         ; 0    ; 0            ; |projeto|mux_7seg:inst6                                                                  ; mux_7seg            ; work         ;
;    |mux_7seg:inst7|                  ; 7 (7)               ; 0 (0)                     ; 0           ; 0            ; 0       ; 0         ; 0    ; 0            ; |projeto|mux_7seg:inst7                                                                  ; mux_7seg            ; work         ;
;    |mux_7seg:inst8|                  ; 6 (6)               ; 0 (0)                     ; 0           ; 0            ; 0       ; 0         ; 0    ; 0            ; |projeto|mux_7seg:inst8                                                                  ; mux_7seg            ; work         ;
;    |mux_7seg:inst9|                  ; 7 (7)               ; 0 (0)                     ; 0           ; 0            ; 0       ; 0         ; 0    ; 0            ; |projeto|mux_7seg:inst9                                                                  ; mux_7seg            ; work         ;
;    |seletor_display:inst5|           ; 5 (5)               ; 2 (2)                     ; 0           ; 0            ; 0       ; 0         ; 0    ; 0            ; |projeto|seletor_display:inst5                                                           ; seletor_display     ; work         ;
;    |somador_condicional:inst64|      ; 7 (6)               ; 4 (4)                     ; 0           ; 0            ; 0       ; 0         ; 0    ; 0            ; |projeto|somador_condicional:inst64                                                      ; somador_condicional ; work         ;
;       |som_sub_4bits:inst|           ; 1 (0)               ; 0 (0)                     ; 0           ; 0            ; 0       ; 0         ; 0    ; 0            ; |projeto|somador_condicional:inst64|som_sub_4bits:inst                                   ; som_sub_4bits       ; work         ;
;          |somador_e_subtrator:inst2| ; 1 (1)               ; 0 (0)                     ; 0           ; 0            ; 0       ; 0         ; 0    ; 0            ; |projeto|somador_condicional:inst64|som_sub_4bits:inst|somador_e_subtrator:inst2         ; somador_e_subtrator ; work         ;
;    |somador_condicional:inst65|      ; 9 (8)               ; 4 (4)                     ; 0           ; 0            ; 0       ; 0         ; 0    ; 0            ; |projeto|somador_condicional:inst65                                                      ; somador_condicional ; work         ;
;       |som_sub_4bits:inst|           ; 1 (0)               ; 0 (0)                     ; 0           ; 0            ; 0       ; 0         ; 0    ; 0            ; |projeto|somador_condicional:inst65|som_sub_4bits:inst                                   ; som_sub_4bits       ; work         ;
;          |somador_e_subtrator:inst2| ; 1 (1)               ; 0 (0)                     ; 0           ; 0            ; 0       ; 0         ; 0    ; 0            ; |projeto|somador_condicional:inst65|som_sub_4bits:inst|somador_e_subtrator:inst2         ; somador_e_subtrator ; work         ;
;    |somador_condicional:inst66|      ; 9 (8)               ; 4 (4)                     ; 0           ; 0            ; 0       ; 0         ; 0    ; 0            ; |projeto|somador_condicional:inst66                                                      ; somador_condicional ; work         ;
;       |som_sub_4bits:inst|           ; 1 (0)               ; 0 (0)                     ; 0           ; 0            ; 0       ; 0         ; 0    ; 0            ; |projeto|somador_condicional:inst66|som_sub_4bits:inst                                   ; som_sub_4bits       ; work         ;
;          |somador_e_subtrator:inst2| ; 1 (1)               ; 0 (0)                     ; 0           ; 0            ; 0       ; 0         ; 0    ; 0            ; |projeto|somador_condicional:inst66|som_sub_4bits:inst|somador_e_subtrator:inst2         ; somador_e_subtrator ; work         ;
;    |somador_condicional:inst67|      ; 9 (8)               ; 4 (4)                     ; 0           ; 0            ; 0       ; 0         ; 0    ; 0            ; |projeto|somador_condicional:inst67                                                      ; somador_condicional ; work         ;
;       |som_sub_4bits:inst|           ; 1 (0)               ; 0 (0)                     ; 0           ; 0            ; 0       ; 0         ; 0    ; 0            ; |projeto|somador_condicional:inst67|som_sub_4bits:inst                                   ; som_sub_4bits       ; work         ;
;          |somador_e_subtrator:inst2| ; 1 (1)               ; 0 (0)                     ; 0           ; 0            ; 0       ; 0         ; 0    ; 0            ; |projeto|somador_condicional:inst67|som_sub_4bits:inst|somador_e_subtrator:inst2         ; somador_e_subtrator ; work         ;
+--------------------------------------+---------------------+---------------------------+-------------+--------------+---------+-----------+------+--------------+------------------------------------------------------------------------------------------+---------------------+--------------+
Note: For table entries with two numbers listed, the numbers in parentheses indicate the number of resources of the given type used by the specific entity alone. The numbers listed outside of parentheses indicate the total resources of the given type used by the specific entity and all of its sub-entities in the hierarchy.


+------------------------------------------------------+
; General Register Statistics                          ;
+----------------------------------------------+-------+
; Statistic                                    ; Value ;
+----------------------------------------------+-------+
; Total registers                              ; 61    ;
; Number of registers using Synchronous Clear  ; 0     ;
; Number of registers using Synchronous Load   ; 25    ;
; Number of registers using Asynchronous Clear ; 16    ;
; Number of registers using Asynchronous Load  ; 0     ;
; Number of registers using Clock Enable       ; 0     ;
; Number of registers using Preset             ; 0     ;
+----------------------------------------------+-------+


+--------------------------------------------------------------------------------------+
; Parameter Settings for User Entity Instance: Divisor_de_clock2:inst|LPM_COUNTER:inst ;
+------------------------+-------------------+-----------------------------------------+
; Parameter Name         ; Value             ; Type                                    ;
+------------------------+-------------------+-----------------------------------------+
; AUTO_CARRY_CHAINS      ; ON                ; AUTO_CARRY                              ;
; IGNORE_CARRY_BUFFERS   ; OFF               ; IGNORE_CARRY                            ;
; AUTO_CASCADE_CHAINS    ; ON                ; AUTO_CASCADE                            ;
; IGNORE_CASCADE_BUFFERS ; OFF               ; IGNORE_CASCADE                          ;
; LPM_WIDTH              ; 10                ; Untyped                                 ;
; LPM_DIRECTION          ; DEFAULT           ; Untyped                                 ;
; LPM_MODULUS            ; 0                 ; Untyped                                 ;
; LPM_AVALUE             ; UNUSED            ; Untyped                                 ;
; LPM_SVALUE             ; UNUSED            ; Untyped                                 ;
; LPM_PORT_UPDOWN        ; PORT_CONNECTIVITY ; Untyped                                 ;
; DEVICE_FAMILY          ; Cyclone IV E      ; Untyped                                 ;
; CARRY_CHAIN            ; MANUAL            ; Untyped                                 ;
; CARRY_CHAIN_LENGTH     ; 48                ; CARRY_CHAIN_LENGTH                      ;
; NOT_GATE_PUSH_BACK     ; ON                ; NOT_GATE_PUSH_BACK                      ;
; CARRY_CNT_EN           ; SMART             ; Untyped                                 ;
; LABWIDE_SCLR           ; ON                ; Untyped                                 ;
; USE_NEW_VERSION        ; TRUE              ; Untyped                                 ;
; CBXI_PARAMETER         ; cntr_idg          ; Untyped                                 ;
+------------------------+-------------------+-----------------------------------------+
Note: In order to hide this table in the UI and the text report file, please set the "Show Parameter Settings in Synthesis Report" option in "Analysis and Synthesis Settings -> More Settings" to "Off".


+---------------------------------------------------------------------------------------+
; Parameter Settings for User Entity Instance: divisor_de_clock:inst11|LPM_COUNTER:inst ;
+------------------------+-------------------+------------------------------------------+
; Parameter Name         ; Value             ; Type                                     ;
+------------------------+-------------------+------------------------------------------+
; AUTO_CARRY_CHAINS      ; ON                ; AUTO_CARRY                               ;
; IGNORE_CARRY_BUFFERS   ; OFF               ; IGNORE_CARRY                             ;
; AUTO_CASCADE_CHAINS    ; ON                ; AUTO_CASCADE                             ;
; IGNORE_CASCADE_BUFFERS ; OFF               ; IGNORE_CASCADE                           ;
; LPM_WIDTH              ; 25                ; Untyped                                  ;
; LPM_DIRECTION          ; DEFAULT           ; Untyped                                  ;
; LPM_MODULUS            ; 12500000          ; Untyped                                  ;
; LPM_AVALUE             ; UNUSED            ; Untyped                                  ;
; LPM_SVALUE             ; UNUSED            ; Untyped                                  ;
; LPM_PORT_UPDOWN        ; PORT_CONNECTIVITY ; Untyped                                  ;
; DEVICE_FAMILY          ; Cyclone IV E      ; Untyped                                  ;
; CARRY_CHAIN            ; MANUAL            ; Untyped                                  ;
; CARRY_CHAIN_LENGTH     ; 48                ; CARRY_CHAIN_LENGTH                       ;
; NOT_GATE_PUSH_BACK     ; ON                ; NOT_GATE_PUSH_BACK                       ;
; CARRY_CNT_EN           ; SMART             ; Untyped                                  ;
; LABWIDE_SCLR           ; ON                ; Untyped                                  ;
; USE_NEW_VERSION        ; TRUE              ; Untyped                                  ;
; CBXI_PARAMETER         ; cntr_g2i          ; Untyped                                  ;
+------------------------+-------------------+------------------------------------------+
Note: In order to hide this table in the UI and the text report file, please set the "Show Parameter Settings in Synthesis Report" option in "Analysis and Synthesis Settings -> More Settings" to "Off".


+-----------------------------------------------------+
; Post-Synthesis Netlist Statistics for Top Partition ;
+-----------------------+-----------------------------+
; Type                  ; Count                       ;
+-----------------------+-----------------------------+
; boundary_port         ; 18                          ;
; cycloneiii_ff         ; 61                          ;
;     CLR               ; 16                          ;
;     SLD               ; 25                          ;
;     plain             ; 20                          ;
; cycloneiii_lcell_comb ; 149                         ;
;     arith             ; 35                          ;
;         2 data inputs ; 35                          ;
;     normal            ; 114                         ;
;         0 data inputs ; 3                           ;
;         1 data inputs ; 20                          ;
;         2 data inputs ; 15                          ;
;         3 data inputs ; 11                          ;
;         4 data inputs ; 65                          ;
;                       ;                             ;
; Max LUT depth         ; 5.00                        ;
; Average LUT depth     ; 2.89                        ;
+-----------------------+-----------------------------+


+-------------------------------+
; Elapsed Time Per Partition    ;
+----------------+--------------+
; Partition Name ; Elapsed Time ;
+----------------+--------------+
; Top            ; 00:00:02     ;
+----------------+--------------+


+-------------------------------+
; Analysis & Synthesis Messages ;
+-------------------------------+
Info: *******************************************************************
Info: Running Quartus Prime Analysis & Synthesis
    Info: Version 20.1.1 Build 720 11/11/2020 SJ Lite Edition
    Info: Processing started: Mon Jun 21 22:06:17 2021
Info: Command: quartus_map --read_settings_files=on --write_settings_files=off Projeto1 -c Projeto1
Warning (18236): Number of processors has not been specified which may cause overloading on shared machines.  Set the global assignment NUM_PARALLEL_PROCESSORS in your QSF to an appropriate value for best performance.
Info (20030): Parallel compilation is enabled and will use 2 of the 2 processors detected
Info (12021): Found 1 design units, including 1 entities, in source file seletor_display.bdf
    Info (12023): Found entity 1: seletor_display
Info (12021): Found 1 design units, including 1 entities, in source file mux_7seg.bdf
    Info (12023): Found entity 1: mux_7seg
Info (12021): Found 1 design units, including 1 entities, in source file divisor_de_clock2.bdf
    Info (12023): Found entity 1: Divisor_de_clock2
Info (12021): Found 1 design units, including 1 entities, in source file block1.bdf
    Info (12023): Found entity 1: Block1
Info (12021): Found 1 design units, including 1 entities, in source file contador_novo.bdf
    Info (12023): Found entity 1: contador_novo
Info (12021): Found 1 design units, including 1 entities, in source file contador_de_4bits.bdf
    Info (12023): Found entity 1: contador_de_4bits
Info (12021): Found 1 design units, including 1 entities, in source file contador_0_100.bdf
    Info (12023): Found entity 1: contador_0_100
Info (12021): Found 1 design units, including 1 entities, in source file somador_e_subtrator.bdf
    Info (12023): Found entity 1: somador_e_subtrator
Info (12021): Found 1 design units, including 1 entities, in source file divisor_de_clock.bdf
    Info (12023): Found entity 1: divisor_de_clock
Info (12021): Found 1 design units, including 1 entities, in source file enable.bdf
    Info (12023): Found entity 1: enable
Info (12021): Found 1 design units, including 1 entities, in source file projeto.bdf
    Info (12023): Found entity 1: projeto
Info (12021): Found 1 design units, including 1 entities, in source file decod_bsd_7seg.bdf
    Info (12023): Found entity 1: decod_bsd_7seg
Info (12021): Found 1 design units, including 1 entities, in source file contador_de_doido.bdf
    Info (12023): Found entity 1: contador_de_doido
Info (12021): Found 1 design units, including 1 entities, in source file som_sub_4bits.bdf
    Info (12023): Found entity 1: som_sub_4bits
Info (12021): Found 1 design units, including 1 entities, in source file somador_condicional.bdf
    Info (12023): Found entity 1: somador_condicional
Info (12021): Found 1 design units, including 1 entities, in source file debounce.bdf
    Info (12023): Found entity 1: debounce
Info (12021): Found 1 design units, including 1 entities, in source file debounce2.bdf
    Info (12023): Found entity 1: debounce2
Info (12021): Found 1 design units, including 1 entities, in source file debounce3.bdf
    Info (12023): Found entity 1: debounce3
Info (12127): Elaborating entity "projeto" for the top level hierarchy
Warning (275011): Block or symbol "NOT" of instance "inst1" overlaps another block or symbol
Warning (275011): Block or symbol "NOT" of instance "inst4" overlaps another block or symbol
Warning (275011): Block or symbol "NOT" of instance "inst36" overlaps another block or symbol
Warning (275011): Block or symbol "NOT" of instance "inst38" overlaps another block or symbol
Warning (275011): Block or symbol "NOT" of instance "inst40" overlaps another block or symbol
Warning (275011): Block or symbol "NOT" of instance "inst53" overlaps another block or symbol
Warning (275011): Block or symbol "NOT" of instance "inst56" overlaps another block or symbol
Warning (275011): Block or symbol "NOT" of instance "inst58" overlaps another block or symbol
Info (12128): Elaborating entity "mux_7seg" for hierarchy "mux_7seg:inst6"
Info (12128): Elaborating entity "seletor_display" for hierarchy "seletor_display:inst5"
Info (12128): Elaborating entity "Divisor_de_clock2" for hierarchy "Divisor_de_clock2:inst"
Info (12128): Elaborating entity "LPM_COUNTER" for hierarchy "Divisor_de_clock2:inst|LPM_COUNTER:inst"
Info (12130): Elaborated megafunction instantiation "Divisor_de_clock2:inst|LPM_COUNTER:inst"
Info (12133): Instantiated megafunction "Divisor_de_clock2:inst|LPM_COUNTER:inst" with the following parameter:
    Info (12134): Parameter "LPM_WIDTH" = "10"
Info (12021): Found 1 design units, including 1 entities, in source file db/cntr_idg.tdf
    Info (12023): Found entity 1: cntr_idg File: C:/Pasta Pessoal/Periodo 20.2/Eln Digital/Projeto1/Quartus/db/cntr_idg.tdf Line: 26
Info (12128): Elaborating entity "cntr_idg" for hierarchy "Divisor_de_clock2:inst|LPM_COUNTER:inst|cntr_idg:auto_generated" File: c:/intelfpga_lite/20.1/quartus/libraries/megafunctions/lpm_counter.tdf Line: 259
Info (12128): Elaborating entity "decod_bsd_7seg" for hierarchy "decod_bsd_7seg:inst25"
Warning (275011): Block or symbol "AND2" of instance "inst44" overlaps another block or symbol
Warning (275008): Primitive "AND2" of instance "inst" not used
Warning (275008): Primitive "AND2" of instance "inst11" not used
Warning (275008): Primitive "AND2" of instance "inst2" not used
Warning (275008): Primitive "AND2" of instance "inst23" not used
Warning (275008): Primitive "AND2" of instance "inst3" not used
Info (12128): Elaborating entity "somador_condicional" for hierarchy "somador_condicional:inst67"
Info (12128): Elaborating entity "som_sub_4bits" for hierarchy "somador_condicional:inst67|som_sub_4bits:inst"
Info (12128): Elaborating entity "somador_e_subtrator" for hierarchy "somador_condicional:inst67|som_sub_4bits:inst|somador_e_subtrator:inst3"
Info (12128): Elaborating entity "debounce2" for hierarchy "debounce2:inst21"
Warning (275011): Block or symbol "TFF" of instance "inst4" overlaps another block or symbol
Info (12128): Elaborating entity "divisor_de_clock" for hierarchy "divisor_de_clock:inst11"
Info (12128): Elaborating entity "LPM_COUNTER" for hierarchy "divisor_de_clock:inst11|LPM_COUNTER:inst"
Info (12130): Elaborated megafunction instantiation "divisor_de_clock:inst11|LPM_COUNTER:inst"
Info (12133): Instantiated megafunction "divisor_de_clock:inst11|LPM_COUNTER:inst" with the following parameter:
    Info (12134): Parameter "LPM_MODULUS" = "12500000"
    Info (12134): Parameter "LPM_WIDTH" = "25"
Info (12021): Found 1 design units, including 1 entities, in source file db/cntr_g2i.tdf
    Info (12023): Found entity 1: cntr_g2i File: C:/Pasta Pessoal/Periodo 20.2/Eln Digital/Projeto1/Quartus/db/cntr_g2i.tdf Line: 28
Info (12128): Elaborating entity "cntr_g2i" for hierarchy "divisor_de_clock:inst11|LPM_COUNTER:inst|cntr_g2i:auto_generated" File: c:/intelfpga_lite/20.1/quartus/libraries/megafunctions/lpm_counter.tdf Line: 259
Info (12021): Found 1 design units, including 1 entities, in source file db/cmpr_dic.tdf
    Info (12023): Found entity 1: cmpr_dic File: C:/Pasta Pessoal/Periodo 20.2/Eln Digital/Projeto1/Quartus/db/cmpr_dic.tdf Line: 23
Info (12128): Elaborating entity "cmpr_dic" for hierarchy "divisor_de_clock:inst11|LPM_COUNTER:inst|cntr_g2i:auto_generated|cmpr_dic:cmpr1" File: C:/Pasta Pessoal/Periodo 20.2/Eln Digital/Projeto1/Quartus/db/cntr_g2i.tdf Line: 160
Info (12128): Elaborating entity "debounce3" for hierarchy "debounce3:inst3"
Warning (19016): Clock multiplexers are found and protected
    Warning (19017): Found clock multiplexer inst63~0
Info (286030): Timing-Driven Synthesis is running
Info (16010): Generating hard_block partition "hard_block:auto_generated_inst"
    Info (16011): Adding 0 node(s), including 0 DDIO, 0 PLL, 0 transceiver and 0 LCELL
Info (21057): Implemented 161 device resources after synthesis - the final resource count might be different
    Info (21058): Implemented 4 input pins
    Info (21059): Implemented 14 output pins
    Info (21061): Implemented 143 logic cells
Info: Quartus Prime Analysis & Synthesis was successful. 0 errors, 18 warnings
    Info: Peak virtual memory: 4757 megabytes
    Info: Processing ended: Mon Jun 21 22:06:58 2021
    Info: Elapsed time: 00:00:41
    Info: Total CPU time (on all processors): 00:01:13


